{"level":"info","message":"Conectado a $(db)...","timestamp":"2018-05-28T13:54:12.645Z"}
{"level":"info","message":"Conectado a mongodb://admin:admin2018@ds113799.mlab.com:13799/tareas...","timestamp":"2018-05-28T13:54:59.429Z"}
{"level":"info","message":"Conectado a mongodb://admin:admin2018@ds113799.mlab.com:13799/tareas","timestamp":"2018-05-28T13:55:26.964Z"}
{"level":"info","message":"Conectado a mongodb://admin:admin2018@ds113799.mlab.com:13799/tareas","timestamp":"2018-05-28T13:56:15.839Z"}
{"level":"info","message":"Conectado a mongodb://admin:admin2018@ds113799.mlab.com:13799/tareas","timestamp":"2018-05-28T14:01:46.529Z"}
{"level":"info","message":"Conectado a mongodb://admin:admin2018@ds113799.mlab.com:13799/tareas","timestamp":"2018-05-28T14:28:18.221Z"}
{"level":"info","message":"Conectado a mongodb://admin:admin2018@ds113799.mlab.com:13799/tareas","timestamp":"2018-05-28T14:32:55.881Z"}
{"level":"info","message":"Conectado a mongodb://admin:admin2018@ds113799.mlab.com:13799/tareas","timestamp":"2018-05-28T14:36:50.968Z"}
{"level":"info","message":"Conectado a mongodb://admin:admin2018@ds113799.mlab.com:13799/tareas","timestamp":"2018-05-28T14:47:39.457Z"}
{"level":"info","message":"Conectado a mongodb://admin:admin2018@ds113799.mlab.com:13799/tareas","timestamp":"2018-05-28T14:57:59.890Z"}
{"level":"info","message":"Conectado a mongodb://admin:admin2018@ds113799.mlab.com:13799/tareas","timestamp":"2018-05-28T15:01:49.321Z"}
{"level":"info","message":"Conectado a mongodb://admin:admin2018@ds113799.mlab.com:13799/tareas","timestamp":"2018-05-28T15:02:46.247Z"}
{"level":"info","message":"Conectado a mongodb://admin:admin2018@ds113799.mlab.com:13799/tareas","timestamp":"2018-05-28T15:59:07.849Z"}
{"level":"info","message":"Conectado a mongodb://admin:admin2018@ds113799.mlab.com:13799/tareas","timestamp":"2018-05-28T16:16:18.846Z"}
{"level":"info","message":"Conectado a mongodb://admin:admin2018@ds113799.mlab.com:13799/tareas","timestamp":"2018-05-28T16:16:42.490Z"}
{"level":"info","message":"Conectado a mongodb://admin:admin2018@ds113799.mlab.com:13799/tareas","timestamp":"2018-05-28T16:20:27.431Z"}
{"level":"info","message":"Conectado a mongodb://admin:admin2018@ds113799.mlab.com:13799/tareas","timestamp":"2018-05-28T16:22:43.740Z"}
{"level":"info","message":"Conectado a mongodb://admin:admin2018@ds113799.mlab.com:13799/tareas","timestamp":"2018-05-28T16:26:01.451Z"}
{"level":"info","message":"Conectado a mongodb://admin:admin2018@ds113799.mlab.com:13799/tareas","timestamp":"2018-05-28T16:28:17.962Z"}
{"level":"info","message":"Conectado a mongodb://admin:admin2018@ds113799.mlab.com:13799/tareas","timestamp":"2018-05-28T16:29:02.752Z"}
{"level":"info","message":"Conectado a mongodb://admin:admin2018@ds113799.mlab.com:13799/tareas","timestamp":"2018-05-28T16:30:17.038Z"}
{"level":"info","message":"Conectado a mongodb://admin:admin2018@ds113799.mlab.com:13799/tareas","timestamp":"2018-05-28T16:30:56.257Z"}
{"level":"info","message":"Conectado a mongodb://admin:admin2018@ds113799.mlab.com:13799/tareas","timestamp":"2018-05-28T16:31:23.294Z"}
{"level":"info","message":"Conectado a mongodb://admin:admin2018@ds113799.mlab.com:13799/tareas","timestamp":"2018-05-28T16:32:10.816Z"}
{"level":"info","message":"Conectado a mongodb://admin:admin2018@ds113799.mlab.com:13799/tareas","timestamp":"2018-05-28T16:49:17.248Z"}
{"level":"info","message":"Conectado a mongodb://admin:admin2018@ds113799.mlab.com:13799/tareas_test","timestamp":"2018-05-28T16:58:24.758Z"}
{"level":"info","message":"Conectado a mongodb://admin:admin2018@ds113799.mlab.com:13799/tareas","timestamp":"2018-05-28T16:59:53.857Z"}
{"level":"info","message":"Conectado a mongodb://admin:admin2018@ds113799.mlab.com:13799/tareas","timestamp":"2018-05-28T17:00:40.122Z"}
{"level":"info","message":"Conectado a mongodb://admin:admin2018@ds113799.mlab.com:13799/tareas","timestamp":"2018-05-28T17:05:49.144Z"}
{"level":"info","message":"Conectado a mongodb://admin:admin2018@ds113799.mlab.com:13799/tareas","timestamp":"2018-05-28T17:07:20.299Z"}
{"level":"info","message":"Conectado a mongodb://admin:admin2018@ds113799.mlab.com:13799/tareas","timestamp":"2018-05-28T17:28:11.966Z"}
{"level":"info","message":"Conectado a mongodb://localhost:27017/tareas","timestamp":"2018-05-28T17:30:32.388Z"}
{"level":"info","message":"Conectado a mongodb://localhost:27017/tareas","timestamp":"2018-05-28T17:31:55.660Z"}
{"level":"info","message":"Conectado a mongodb://localhost:27017/tareas","timestamp":"2018-05-28T17:38:23.064Z"}
{"level":"info","message":"Conectado a mongodb://localhost:27017/tareas","timestamp":"2018-05-28T18:07:40.529Z"}
{"level":"info","message":"Conectado a mongodb://localhost:27017/tareas","timestamp":"2018-05-28T18:08:14.139Z"}
{"level":"info","message":"Conectado a mongodb://localhost:27017/tareas","timestamp":"2018-05-28T18:08:55.818Z"}
{"level":"info","message":"Conectado a mongodb://localhost:27017/tareas","timestamp":"2018-05-28T18:11:35.415Z"}
{"level":"info","message":"Conectado a mongodb://localhost:27017/tareas","timestamp":"2018-05-28T18:12:17.443Z"}
{"level":"info","message":"Conectado a mongodb://localhost:27017/tareas","timestamp":"2018-05-28T18:20:59.292Z"}
{"level":"info","message":"Conectado a mongodb://localhost:27017/tareas","timestamp":"2018-05-28T18:22:05.652Z"}
{"level":"info","message":"Conectado a mongodb://localhost:27017/tareas","timestamp":"2018-05-28T18:23:32.773Z"}
{"level":"info","message":"Conectado a mongodb://localhost:27017/tareas","timestamp":"2018-05-28T18:24:23.059Z"}
{"level":"info","message":"Conectado a mongodb://localhost:27017/tareas","timestamp":"2018-05-28T18:26:21.035Z"}
{"level":"info","message":"Conectado a mongodb://localhost:27017/tareas","timestamp":"2018-05-28T18:27:14.485Z"}
{"level":"info","message":"Conectado a mongodb://localhost:27017/tareas","timestamp":"2018-05-28T18:34:01.962Z"}
{"level":"info","message":"Conectado a mongodb://localhost:27017/tareas","timestamp":"2018-05-28T18:34:53.075Z"}
{"level":"info","message":"Conectado a mongodb://localhost:27017/tareas","timestamp":"2018-05-29T15:17:16.242Z"}
{"level":"info","message":"Conectado a mongodb://localhost:27017/tareas","timestamp":"2018-05-29T15:25:08.842Z"}
{"level":"info","message":"Conectado a mongodb://localhost:27017/tareas","timestamp":"2018-05-29T15:27:00.230Z"}
{"level":"info","message":"Conectado a mongodb://localhost:27017/tareas","timestamp":"2018-05-29T15:28:14.659Z"}
{"level":"info","message":"Conectado a mongodb://localhost:27017/tareas","timestamp":"2018-05-29T15:29:01.769Z"}
{"level":"info","message":"Conectado a mongodb://localhost:27017/tareas","timestamp":"2018-05-29T15:37:19.237Z"}
{"level":"info","message":"Conectado a mongodb://localhost:27017/tareas","timestamp":"2018-05-29T16:04:25.056Z"}
{"level":"info","message":"Conectado a mongodb://localhost:27017/tareas","timestamp":"2018-05-29T16:05:01.829Z"}
{"level":"info","message":"Conectado a mongodb://localhost:27017/tareas","timestamp":"2018-05-29T16:07:53.315Z"}
{"level":"info","message":"Conectado a mongodb://localhost:27017/tareas","timestamp":"2018-05-29T16:08:31.670Z"}
{"level":"info","message":"Conectado a mongodb://localhost:27017/tareas","timestamp":"2018-05-29T16:13:18.754Z"}
{"level":"info","message":"Conectado a mongodb://localhost:27017/tareas","timestamp":"2018-05-29T16:15:53.061Z"}
{"level":"info","message":"Conectado a mongodb://localhost:27017/tareas","timestamp":"2018-05-29T16:27:02.022Z"}
{"level":"info","message":"Conectado a mongodb://localhost:27017/tareas","timestamp":"2018-05-29T16:29:22.350Z"}
{"level":"info","message":"Conectado a mongodb://localhost:27017/tareas","timestamp":"2018-05-29T16:30:51.605Z"}
{"level":"info","message":"Conectado a mongodb://localhost:27017/tareas","timestamp":"2018-05-29T16:34:36.244Z"}
{"level":"info","message":"Conectado a mongodb://localhost:27017/tareas","timestamp":"2018-05-30T13:07:06.948Z"}
{"level":"info","message":"Conectado a mongodb://localhost:27017/tareas","timestamp":"2018-05-30T13:16:58.063Z"}
{"level":"info","message":"Conectado a mongodb://localhost:27017/tareas","timestamp":"2018-05-30T13:22:46.842Z"}
{"level":"info","message":"Conectado a mongodb://localhost:27017/tareas","timestamp":"2018-05-30T13:26:05.300Z"}
{"level":"info","message":"Conectado a mongodb://admin:admin2018@ds113799.mlab.com:13799/tareas","timestamp":"2018-05-30T13:29:03.770Z"}
{"level":"info","message":"Conectado a mongodb://localhost:27017/tareas","timestamp":"2018-05-30T13:33:16.057Z"}
{"level":"info","message":"Conectado a mongodb://localhost:27017/tareas","timestamp":"2018-05-30T13:34:13.926Z"}
{"level":"info","message":"Conectado a mongodb://localhost:27017/tareas","timestamp":"2018-05-30T13:47:26.127Z"}
{"level":"info","message":"Conectado a mongodb://localhost:27017/tareas","timestamp":"2018-05-30T13:49:20.275Z"}
{"level":"info","message":"Conectado a mongodb://localhost:27017/tareas","timestamp":"2018-05-30T13:50:03.374Z"}
{"level":"info","message":"Conectado a mongodb://localhost:27017/tareas","timestamp":"2018-05-30T13:55:40.814Z"}
{"level":"info","message":"Conectado a mongodb://localhost:27017/tareas","timestamp":"2018-05-30T13:58:15.570Z"}
{"level":"info","message":"Conectado a mongodb://localhost:27017/tareas","timestamp":"2018-05-30T13:59:35.052Z"}
{"level":"info","message":"Conectado a mongodb://localhost:27017/tareas","timestamp":"2018-05-30T14:06:07.991Z"}
{"level":"info","message":"Conectado a mongodb://localhost:27017/tareas","timestamp":"2018-05-30T14:08:27.031Z"}
{"level":"info","message":"Conectado a mongodb://localhost:27017/tareas","timestamp":"2018-05-30T16:01:46.808Z"}
{"level":"info","message":"Conectado a mongodb://localhost:27017/tareas","timestamp":"2018-05-30T16:08:03.354Z"}
{"level":"info","message":"Conectado a mongodb://localhost:27017/tareas","timestamp":"2018-05-30T16:08:08.474Z"}
{"level":"info","message":"Conectado a mongodb://localhost:27017/tareas","timestamp":"2018-05-30T16:11:33.603Z"}
{"level":"info","message":"Conectado a mongodb://localhost:27017/tareas","timestamp":"2018-05-30T16:11:39.534Z"}
{"level":"info","message":"Conectado a mongodb://localhost:27017/tareas","timestamp":"2018-05-30T16:13:49.384Z"}
{"level":"info","message":"Conectado a mongodb://localhost:27017/tareas","timestamp":"2018-05-30T16:13:55.574Z"}
{"level":"info","message":"Conectado a mongodb://localhost:27017/tareas","timestamp":"2018-05-30T16:16:54.450Z"}
{"level":"info","message":"Conectado a mongodb://localhost:27017/tareas","timestamp":"2018-05-30T16:17:00.351Z"}
